nohup: ignoring input
percentage: 90
90.0
10.0
90.0
10.0
90.0
10.0
90.0
10.0
90.0
10.0
90.0
10.0
90.0
10.0
90.0
10.0
90.0
10.0
90.0
10.0
90.0
10.0
90.0
10.0
90.0
10.0
90.0
10.0
90.0
10.0
90.0
10.0
90.0
10.0
90.0
10.0
90.0
10.0
90.0
10.0
90.0
10.0
90.0
10.0
90.0
10.0
90.0
10.0
90.0
10.0
90.0
10.0
90.0
10.0
90.0
10.0
90.0
10.0
90.0
10.0
90.0
10.0
90.0
10.0
90.0
10.0
90.0
10.0
90.0
10.0
90.0
10.0
90.0
10.0
90.0
10.0
90.0
10.0
90.0
10.0
90.0
10.0
90.0
10.0
90.0
10.0
90.0
10.0
90.0
10.0
90.0
10.0
90.0
10.0
90.0
10.0
90.0
10.0
90.0
10.0
90.0
10.0
90.0
10.0
90.0
10.0
90.0
10.0
90.0
10.0
90.0
10.0
90.0
10.0
90.0
10.0
90.0
10.0
90.0
10.0
90.0
10.0
90.0
10.0
90.0
10.0
90.0
10.0
90.0
10.0
90.0
10.0
90.0
10.0
90.0
10.0
90.0
10.0
90.0
10.0
90.0
10.0
90.0
10.0
percentage: 80
80.0
20.0
80.0
20.0
80.0
20.0
80.0
20.0
80.0
20.0
80.0
20.0
80.0
20.0
80.0
20.0
80.0
20.0
80.0
20.0
80.0
20.0
80.0
20.0
80.0
20.0
80.0
20.0
80.0
20.0
80.0
20.0
80.0
20.0
80.0
20.0
80.0
20.0
80.0
20.0
80.0
20.0
80.0
20.0
80.0
20.0
80.0
20.0
80.0
20.0
80.0
20.0
80.0
20.0
80.0
20.0
80.0
20.0
80.0
20.0
80.0
20.0
80.0
20.0
80.0
20.0
80.0
20.0
80.0
20.0
percentage: 70
70.0
30.0
70.0
30.0
70.0
30.0
70.0
30.0
70.0
30.0
70.0
30.0
70.0
30.0
70.0
30.0
70.0
30.0
70.0
30.0
70.0
30.0
70.0
30.0
70.0
30.0
70.0
30.0
70.0
30.0
70.0
30.0
70.0
30.0
70.0
30.0
70.0
30.0
70.0
30.0
70.0
30.0
70.0
30.0
70.0
30.0
70.0
30.0
70.0
30.0
70.0
30.0
70.0
30.0
70.0
30.0
70.0
30.0
70.0
30.0
70.0
30.0
70.0
30.0
70.0
30.0
70.0
30.0
70.0
30.0
70.0
30.0
70.0
30.0
70.0
30.0
70.0
30.0
70.0
30.0
70.0
30.0
70.0
30.0
70.0
30.0
70.0
30.0
70.0
30.0
70.0
30.0
70.0
30.0
70.0
30.0
70.0
30.0
70.0
30.0
70.0
30.0
70.0
30.0
70.0
30.0
70.0
30.0
70.0
30.0
70.0
30.0
70.0
30.0
70.0
30.0
70.0
30.0
70.0
30.0
70.0
30.0
70.0
30.0
70.0
30.0
percentage: 60
60.0
40.0
60.0
40.0
60.0
40.0
60.0
40.0
60.0
40.0
60.0
40.0
60.0
40.0
60.0
40.0
60.0
40.0
60.0
40.0
60.0
40.0
60.0
40.0
60.0
40.0
60.0
40.0
60.0
40.0
