nohup: ignoring input
percentage: 100
100.0
Using cache found in /home/zbw/.cache/torch/hub/pytorch_vision_v0.10.0
Iteration: 10
Using cache found in /home/zbw/.cache/torch/hub/pytorch_vision_v0.10.0
Iteration: 11
Using cache found in /home/zbw/.cache/torch/hub/pytorch_vision_v0.10.0
Iteration: 12
Using cache found in /home/zbw/.cache/torch/hub/pytorch_vision_v0.10.0
Iteration: 13
Using cache found in /home/zbw/.cache/torch/hub/pytorch_vision_v0.10.0
Iteration: 14
Using cache found in /home/zbw/.cache/torch/hub/pytorch_vision_v0.10.0
Iteration: 15
Using cache found in /home/zbw/.cache/torch/hub/pytorch_vision_v0.10.0
Iteration: 16
Using cache found in /home/zbw/.cache/torch/hub/pytorch_vision_v0.10.0
Iteration: 17
Using cache found in /home/zbw/.cache/torch/hub/pytorch_vision_v0.10.0
Iteration: 18
Using cache found in /home/zbw/.cache/torch/hub/pytorch_vision_v0.10.0
Iteration: 19
Using cache found in /home/zbw/.cache/torch/hub/pytorch_vision_v0.10.0
Iteration: 20
Using cache found in /home/zbw/.cache/torch/hub/pytorch_vision_v0.10.0
Iteration: 21
Using cache found in /home/zbw/.cache/torch/hub/pytorch_vision_v0.10.0
Iteration: 22
Using cache found in /home/zbw/.cache/torch/hub/pytorch_vision_v0.10.0
Iteration: 23
Using cache found in /home/zbw/.cache/torch/hub/pytorch_vision_v0.10.0
Iteration: 24
Using cache found in /home/zbw/.cache/torch/hub/pytorch_vision_v0.10.0
Iteration: 25
Using cache found in /home/zbw/.cache/torch/hub/pytorch_vision_v0.10.0
Iteration: 26
Using cache found in /home/zbw/.cache/torch/hub/pytorch_vision_v0.10.0
Iteration: 27
Using cache found in /home/zbw/.cache/torch/hub/pytorch_vision_v0.10.0
Iteration: 28
Using cache found in /home/zbw/.cache/torch/hub/pytorch_vision_v0.10.0
Iteration: 29
Using cache found in /home/zbw/.cache/torch/hub/pytorch_vision_v0.10.0
Iteration: 30
Using cache found in /home/zbw/.cache/torch/hub/pytorch_vision_v0.10.0
Iteration: 31
Using cache found in /home/zbw/.cache/torch/hub/pytorch_vision_v0.10.0
Iteration: 32
Using cache found in /home/zbw/.cache/torch/hub/pytorch_vision_v0.10.0
Iteration: 33
Using cache found in /home/zbw/.cache/torch/hub/pytorch_vision_v0.10.0
Iteration: 34
Using cache found in /home/zbw/.cache/torch/hub/pytorch_vision_v0.10.0
Iteration: 35
Using cache found in /home/zbw/.cache/torch/hub/pytorch_vision_v0.10.0
Iteration: 36
Using cache found in /home/zbw/.cache/torch/hub/pytorch_vision_v0.10.0
Iteration: 37
Using cache found in /home/zbw/.cache/torch/hub/pytorch_vision_v0.10.0
Iteration: 38
Using cache found in /home/zbw/.cache/torch/hub/pytorch_vision_v0.10.0
Iteration: 39
Using cache found in /home/zbw/.cache/torch/hub/pytorch_vision_v0.10.0
Iteration: 40
Using cache found in /home/zbw/.cache/torch/hub/pytorch_vision_v0.10.0
Iteration: 41
Using cache found in /home/zbw/.cache/torch/hub/pytorch_vision_v0.10.0
Iteration: 42
Using cache found in /home/zbw/.cache/torch/hub/pytorch_vision_v0.10.0
Iteration: 43
Using cache found in /home/zbw/.cache/torch/hub/pytorch_vision_v0.10.0
Iteration: 44
Using cache found in /home/zbw/.cache/torch/hub/pytorch_vision_v0.10.0
Iteration: 45
Using cache found in /home/zbw/.cache/torch/hub/pytorch_vision_v0.10.0
Iteration: 46
Using cache found in /home/zbw/.cache/torch/hub/pytorch_vision_v0.10.0
Iteration: 47
Using cache found in /home/zbw/.cache/torch/hub/pytorch_vision_v0.10.0
Iteration: 48
Using cache found in /home/zbw/.cache/torch/hub/pytorch_vision_v0.10.0
Iteration: 49
Using cache found in /home/zbw/.cache/torch/hub/pytorch_vision_v0.10.0
Iteration: 50
Using cache found in /home/zbw/.cache/torch/hub/pytorch_vision_v0.10.0
Iteration: 51
Using cache found in /home/zbw/.cache/torch/hub/pytorch_vision_v0.10.0
Iteration: 52
Using cache found in /home/zbw/.cache/torch/hub/pytorch_vision_v0.10.0
Iteration: 53
Using cache found in /home/zbw/.cache/torch/hub/pytorch_vision_v0.10.0
Iteration: 54
Using cache found in /home/zbw/.cache/torch/hub/pytorch_vision_v0.10.0
Iteration: 55
Using cache found in /home/zbw/.cache/torch/hub/pytorch_vision_v0.10.0
Iteration: 56
Using cache found in /home/zbw/.cache/torch/hub/pytorch_vision_v0.10.0
Iteration: 57
Using cache found in /home/zbw/.cache/torch/hub/pytorch_vision_v0.10.0
Iteration: 58
Using cache found in /home/zbw/.cache/torch/hub/pytorch_vision_v0.10.0
Iteration: 59
Using cache found in /home/zbw/.cache/torch/hub/pytorch_vision_v0.10.0
Iteration: 60
Using cache found in /home/zbw/.cache/torch/hub/pytorch_vision_v0.10.0
Iteration: 61
Using cache found in /home/zbw/.cache/torch/hub/pytorch_vision_v0.10.0
Iteration: 62
Using cache found in /home/zbw/.cache/torch/hub/pytorch_vision_v0.10.0
Iteration: 63
Using cache found in /home/zbw/.cache/torch/hub/pytorch_vision_v0.10.0
Iteration: 64
Using cache found in /home/zbw/.cache/torch/hub/pytorch_vision_v0.10.0
Iteration: 65
Using cache found in /home/zbw/.cache/torch/hub/pytorch_vision_v0.10.0
Iteration: 66
Using cache found in /home/zbw/.cache/torch/hub/pytorch_vision_v0.10.0
Iteration: 67
Using cache found in /home/zbw/.cache/torch/hub/pytorch_vision_v0.10.0
Iteration: 68
Using cache found in /home/zbw/.cache/torch/hub/pytorch_vision_v0.10.0
Iteration: 69
Using cache found in /home/zbw/.cache/torch/hub/pytorch_vision_v0.10.0
Iteration: 70
Using cache found in /home/zbw/.cache/torch/hub/pytorch_vision_v0.10.0
Iteration: 71
Using cache found in /home/zbw/.cache/torch/hub/pytorch_vision_v0.10.0
Iteration: 72
Using cache found in /home/zbw/.cache/torch/hub/pytorch_vision_v0.10.0
Iteration: 73
Using cache found in /home/zbw/.cache/torch/hub/pytorch_vision_v0.10.0
Iteration: 74
Using cache found in /home/zbw/.cache/torch/hub/pytorch_vision_v0.10.0
Iteration: 75
Using cache found in /home/zbw/.cache/torch/hub/pytorch_vision_v0.10.0
Iteration: 76
Using cache found in /home/zbw/.cache/torch/hub/pytorch_vision_v0.10.0
Iteration: 77
Using cache found in /home/zbw/.cache/torch/hub/pytorch_vision_v0.10.0
Iteration: 78
Using cache found in /home/zbw/.cache/torch/hub/pytorch_vision_v0.10.0
Iteration: 79
Using cache found in /home/zbw/.cache/torch/hub/pytorch_vision_v0.10.0
Iteration: 80
Using cache found in /home/zbw/.cache/torch/hub/pytorch_vision_v0.10.0
Iteration: 81
Using cache found in /home/zbw/.cache/torch/hub/pytorch_vision_v0.10.0
Iteration: 82
Using cache found in /home/zbw/.cache/torch/hub/pytorch_vision_v0.10.0
Iteration: 83
Using cache found in /home/zbw/.cache/torch/hub/pytorch_vision_v0.10.0
Iteration: 84
Using cache found in /home/zbw/.cache/torch/hub/pytorch_vision_v0.10.0
Iteration: 85
percentage: 90
90.0
Using cache found in /home/zbw/.cache/torch/hub/pytorch_vision_v0.10.0
Iteration: 10
Using cache found in /home/zbw/.cache/torch/hub/pytorch_vision_v0.10.0
Iteration: 11
Using cache found in /home/zbw/.cache/torch/hub/pytorch_vision_v0.10.0
Iteration: 12
Using cache found in /home/zbw/.cache/torch/hub/pytorch_vision_v0.10.0
Iteration: 13
Using cache found in /home/zbw/.cache/torch/hub/pytorch_vision_v0.10.0
Iteration: 14
Using cache found in /home/zbw/.cache/torch/hub/pytorch_vision_v0.10.0
Iteration: 15
Using cache found in /home/zbw/.cache/torch/hub/pytorch_vision_v0.10.0
Iteration: 16
Using cache found in /home/zbw/.cache/torch/hub/pytorch_vision_v0.10.0
Iteration: 17
Using cache found in /home/zbw/.cache/torch/hub/pytorch_vision_v0.10.0
Iteration: 18
Using cache found in /home/zbw/.cache/torch/hub/pytorch_vision_v0.10.0
Iteration: 19
Using cache found in /home/zbw/.cache/torch/hub/pytorch_vision_v0.10.0
Iteration: 20
Using cache found in /home/zbw/.cache/torch/hub/pytorch_vision_v0.10.0
Iteration: 21
Using cache found in /home/zbw/.cache/torch/hub/pytorch_vision_v0.10.0
Iteration: 22
Using cache found in /home/zbw/.cache/torch/hub/pytorch_vision_v0.10.0
Iteration: 23
Using cache found in /home/zbw/.cache/torch/hub/pytorch_vision_v0.10.0
Iteration: 24
Using cache found in /home/zbw/.cache/torch/hub/pytorch_vision_v0.10.0
Iteration: 25
Using cache found in /home/zbw/.cache/torch/hub/pytorch_vision_v0.10.0
Iteration: 26
Using cache found in /home/zbw/.cache/torch/hub/pytorch_vision_v0.10.0
Iteration: 27
Using cache found in /home/zbw/.cache/torch/hub/pytorch_vision_v0.10.0
Iteration: 28
Using cache found in /home/zbw/.cache/torch/hub/pytorch_vision_v0.10.0
Iteration: 29
Using cache found in /home/zbw/.cache/torch/hub/pytorch_vision_v0.10.0
Iteration: 30
Using cache found in /home/zbw/.cache/torch/hub/pytorch_vision_v0.10.0
Iteration: 31
Using cache found in /home/zbw/.cache/torch/hub/pytorch_vision_v0.10.0
Iteration: 32
Using cache found in /home/zbw/.cache/torch/hub/pytorch_vision_v0.10.0
Iteration: 33
Using cache found in /home/zbw/.cache/torch/hub/pytorch_vision_v0.10.0
Iteration: 34
Using cache found in /home/zbw/.cache/torch/hub/pytorch_vision_v0.10.0
Iteration: 35
Using cache found in /home/zbw/.cache/torch/hub/pytorch_vision_v0.10.0
Iteration: 36
Using cache found in /home/zbw/.cache/torch/hub/pytorch_vision_v0.10.0
Iteration: 37
Using cache found in /home/zbw/.cache/torch/hub/pytorch_vision_v0.10.0
Iteration: 38
Using cache found in /home/zbw/.cache/torch/hub/pytorch_vision_v0.10.0
Iteration: 39
Using cache found in /home/zbw/.cache/torch/hub/pytorch_vision_v0.10.0
Iteration: 40
Using cache found in /home/zbw/.cache/torch/hub/pytorch_vision_v0.10.0
Iteration: 41
Using cache found in /home/zbw/.cache/torch/hub/pytorch_vision_v0.10.0
Iteration: 42
Using cache found in /home/zbw/.cache/torch/hub/pytorch_vision_v0.10.0
Iteration: 43
Using cache found in /home/zbw/.cache/torch/hub/pytorch_vision_v0.10.0
Iteration: 44
Using cache found in /home/zbw/.cache/torch/hub/pytorch_vision_v0.10.0
Iteration: 45
Using cache found in /home/zbw/.cache/torch/hub/pytorch_vision_v0.10.0
Iteration: 46
Using cache found in /home/zbw/.cache/torch/hub/pytorch_vision_v0.10.0
Iteration: 47
Using cache found in /home/zbw/.cache/torch/hub/pytorch_vision_v0.10.0
Iteration: 48
Using cache found in /home/zbw/.cache/torch/hub/pytorch_vision_v0.10.0
Iteration: 49
Using cache found in /home/zbw/.cache/torch/hub/pytorch_vision_v0.10.0
Iteration: 50
Using cache found in /home/zbw/.cache/torch/hub/pytorch_vision_v0.10.0
Iteration: 51
Using cache found in /home/zbw/.cache/torch/hub/pytorch_vision_v0.10.0
Iteration: 52
Using cache found in /home/zbw/.cache/torch/hub/pytorch_vision_v0.10.0
Iteration: 53
Using cache found in /home/zbw/.cache/torch/hub/pytorch_vision_v0.10.0
Iteration: 54
Using cache found in /home/zbw/.cache/torch/hub/pytorch_vision_v0.10.0
Iteration: 55
Using cache found in /home/zbw/.cache/torch/hub/pytorch_vision_v0.10.0
Iteration: 56
Using cache found in /home/zbw/.cache/torch/hub/pytorch_vision_v0.10.0
Iteration: 57
Using cache found in /home/zbw/.cache/torch/hub/pytorch_vision_v0.10.0
Iteration: 58
Using cache found in /home/zbw/.cache/torch/hub/pytorch_vision_v0.10.0
Iteration: 59
Using cache found in /home/zbw/.cache/torch/hub/pytorch_vision_v0.10.0
Iteration: 60
Using cache found in /home/zbw/.cache/torch/hub/pytorch_vision_v0.10.0
Iteration: 61
Using cache found in /home/zbw/.cache/torch/hub/pytorch_vision_v0.10.0
Iteration: 62
Using cache found in /home/zbw/.cache/torch/hub/pytorch_vision_v0.10.0
Iteration: 63
Using cache found in /home/zbw/.cache/torch/hub/pytorch_vision_v0.10.0
Iteration: 64
Using cache found in /home/zbw/.cache/torch/hub/pytorch_vision_v0.10.0
Iteration: 65
Using cache found in /home/zbw/.cache/torch/hub/pytorch_vision_v0.10.0
Iteration: 66
Using cache found in /home/zbw/.cache/torch/hub/pytorch_vision_v0.10.0
Iteration: 67
Using cache found in /home/zbw/.cache/torch/hub/pytorch_vision_v0.10.0
Iteration: 68
Using cache found in /home/zbw/.cache/torch/hub/pytorch_vision_v0.10.0
Iteration: 69
Using cache found in /home/zbw/.cache/torch/hub/pytorch_vision_v0.10.0
Iteration: 70
Using cache found in /home/zbw/.cache/torch/hub/pytorch_vision_v0.10.0
Iteration: 71
Using cache found in /home/zbw/.cache/torch/hub/pytorch_vision_v0.10.0
Iteration: 72
Using cache found in /home/zbw/.cache/torch/hub/pytorch_vision_v0.10.0
Iteration: 73
Using cache found in /home/zbw/.cache/torch/hub/pytorch_vision_v0.10.0
Iteration: 74
Using cache found in /home/zbw/.cache/torch/hub/pytorch_vision_v0.10.0
Iteration: 75
Using cache found in /home/zbw/.cache/torch/hub/pytorch_vision_v0.10.0
Iteration: 76
Using cache found in /home/zbw/.cache/torch/hub/pytorch_vision_v0.10.0
Iteration: 77
Using cache found in /home/zbw/.cache/torch/hub/pytorch_vision_v0.10.0
Iteration: 78
Using cache found in /home/zbw/.cache/torch/hub/pytorch_vision_v0.10.0
Iteration: 79
Using cache found in /home/zbw/.cache/torch/hub/pytorch_vision_v0.10.0
Iteration: 80
Using cache found in /home/zbw/.cache/torch/hub/pytorch_vision_v0.10.0
Iteration: 81
Using cache found in /home/zbw/.cache/torch/hub/pytorch_vision_v0.10.0
Iteration: 82
Using cache found in /home/zbw/.cache/torch/hub/pytorch_vision_v0.10.0
Iteration: 83
Using cache found in /home/zbw/.cache/torch/hub/pytorch_vision_v0.10.0
Iteration: 84
Using cache found in /home/zbw/.cache/torch/hub/pytorch_vision_v0.10.0
Iteration: 85
percentage: 80
80.0
Using cache found in /home/zbw/.cache/torch/hub/pytorch_vision_v0.10.0
Iteration: 10
Using cache found in /home/zbw/.cache/torch/hub/pytorch_vision_v0.10.0
Iteration: 11
Using cache found in /home/zbw/.cache/torch/hub/pytorch_vision_v0.10.0
Iteration: 12
Using cache found in /home/zbw/.cache/torch/hub/pytorch_vision_v0.10.0
Iteration: 13
Using cache found in /home/zbw/.cache/torch/hub/pytorch_vision_v0.10.0
Iteration: 14
Using cache found in /home/zbw/.cache/torch/hub/pytorch_vision_v0.10.0
Iteration: 15
Using cache found in /home/zbw/.cache/torch/hub/pytorch_vision_v0.10.0
Iteration: 16
Using cache found in /home/zbw/.cache/torch/hub/pytorch_vision_v0.10.0
Iteration: 17
Using cache found in /home/zbw/.cache/torch/hub/pytorch_vision_v0.10.0
Iteration: 18
Using cache found in /home/zbw/.cache/torch/hub/pytorch_vision_v0.10.0
Iteration: 19
Using cache found in /home/zbw/.cache/torch/hub/pytorch_vision_v0.10.0
Iteration: 20
Using cache found in /home/zbw/.cache/torch/hub/pytorch_vision_v0.10.0
Iteration: 21
Using cache found in /home/zbw/.cache/torch/hub/pytorch_vision_v0.10.0
Iteration: 22
Using cache found in /home/zbw/.cache/torch/hub/pytorch_vision_v0.10.0
Iteration: 23
Using cache found in /home/zbw/.cache/torch/hub/pytorch_vision_v0.10.0
Iteration: 24
Using cache found in /home/zbw/.cache/torch/hub/pytorch_vision_v0.10.0
Iteration: 25
Using cache found in /home/zbw/.cache/torch/hub/pytorch_vision_v0.10.0
Iteration: 26
Using cache found in /home/zbw/.cache/torch/hub/pytorch_vision_v0.10.0
Iteration: 27
Using cache found in /home/zbw/.cache/torch/hub/pytorch_vision_v0.10.0
Iteration: 28
Using cache found in /home/zbw/.cache/torch/hub/pytorch_vision_v0.10.0
Iteration: 29
Using cache found in /home/zbw/.cache/torch/hub/pytorch_vision_v0.10.0
Iteration: 30
Using cache found in /home/zbw/.cache/torch/hub/pytorch_vision_v0.10.0
Iteration: 31
Using cache found in /home/zbw/.cache/torch/hub/pytorch_vision_v0.10.0
Iteration: 32
Using cache found in /home/zbw/.cache/torch/hub/pytorch_vision_v0.10.0
Iteration: 33
Using cache found in /home/zbw/.cache/torch/hub/pytorch_vision_v0.10.0
Iteration: 34
Using cache found in /home/zbw/.cache/torch/hub/pytorch_vision_v0.10.0
Iteration: 35
Using cache found in /home/zbw/.cache/torch/hub/pytorch_vision_v0.10.0
Iteration: 36
Using cache found in /home/zbw/.cache/torch/hub/pytorch_vision_v0.10.0
Iteration: 37
Using cache found in /home/zbw/.cache/torch/hub/pytorch_vision_v0.10.0
Iteration: 38
Using cache found in /home/zbw/.cache/torch/hub/pytorch_vision_v0.10.0
Iteration: 39
Using cache found in /home/zbw/.cache/torch/hub/pytorch_vision_v0.10.0
Iteration: 40
Using cache found in /home/zbw/.cache/torch/hub/pytorch_vision_v0.10.0
Iteration: 41
Using cache found in /home/zbw/.cache/torch/hub/pytorch_vision_v0.10.0
Iteration: 42
Using cache found in /home/zbw/.cache/torch/hub/pytorch_vision_v0.10.0
Iteration: 43
Using cache found in /home/zbw/.cache/torch/hub/pytorch_vision_v0.10.0
Iteration: 44
Using cache found in /home/zbw/.cache/torch/hub/pytorch_vision_v0.10.0
Iteration: 45
Using cache found in /home/zbw/.cache/torch/hub/pytorch_vision_v0.10.0
Iteration: 46
Using cache found in /home/zbw/.cache/torch/hub/pytorch_vision_v0.10.0
Iteration: 47
Using cache found in /home/zbw/.cache/torch/hub/pytorch_vision_v0.10.0
Iteration: 48
Using cache found in /home/zbw/.cache/torch/hub/pytorch_vision_v0.10.0
Iteration: 49
Using cache found in /home/zbw/.cache/torch/hub/pytorch_vision_v0.10.0
Iteration: 50
Using cache found in /home/zbw/.cache/torch/hub/pytorch_vision_v0.10.0
Iteration: 51
Using cache found in /home/zbw/.cache/torch/hub/pytorch_vision_v0.10.0
Iteration: 52
Using cache found in /home/zbw/.cache/torch/hub/pytorch_vision_v0.10.0
Iteration: 53
Using cache found in /home/zbw/.cache/torch/hub/pytorch_vision_v0.10.0
Iteration: 54
Using cache found in /home/zbw/.cache/torch/hub/pytorch_vision_v0.10.0
Iteration: 55
Using cache found in /home/zbw/.cache/torch/hub/pytorch_vision_v0.10.0
Iteration: 56
Using cache found in /home/zbw/.cache/torch/hub/pytorch_vision_v0.10.0
Iteration: 57
Using cache found in /home/zbw/.cache/torch/hub/pytorch_vision_v0.10.0
Iteration: 58
Using cache found in /home/zbw/.cache/torch/hub/pytorch_vision_v0.10.0
Iteration: 59
Using cache found in /home/zbw/.cache/torch/hub/pytorch_vision_v0.10.0
Iteration: 60
Using cache found in /home/zbw/.cache/torch/hub/pytorch_vision_v0.10.0
Iteration: 61
Using cache found in /home/zbw/.cache/torch/hub/pytorch_vision_v0.10.0
Iteration: 62
Using cache found in /home/zbw/.cache/torch/hub/pytorch_vision_v0.10.0
Iteration: 63
Using cache found in /home/zbw/.cache/torch/hub/pytorch_vision_v0.10.0
Iteration: 64
Using cache found in /home/zbw/.cache/torch/hub/pytorch_vision_v0.10.0
Iteration: 65
Using cache found in /home/zbw/.cache/torch/hub/pytorch_vision_v0.10.0
Iteration: 66
Using cache found in /home/zbw/.cache/torch/hub/pytorch_vision_v0.10.0
Iteration: 67
Using cache found in /home/zbw/.cache/torch/hub/pytorch_vision_v0.10.0
Iteration: 68
Using cache found in /home/zbw/.cache/torch/hub/pytorch_vision_v0.10.0
Iteration: 69
Using cache found in /home/zbw/.cache/torch/hub/pytorch_vision_v0.10.0
Iteration: 70
Using cache found in /home/zbw/.cache/torch/hub/pytorch_vision_v0.10.0
Iteration: 71
Using cache found in /home/zbw/.cache/torch/hub/pytorch_vision_v0.10.0
Iteration: 72
Using cache found in /home/zbw/.cache/torch/hub/pytorch_vision_v0.10.0
Iteration: 73
Using cache found in /home/zbw/.cache/torch/hub/pytorch_vision_v0.10.0
Iteration: 74
Using cache found in /home/zbw/.cache/torch/hub/pytorch_vision_v0.10.0
Iteration: 75
Using cache found in /home/zbw/.cache/torch/hub/pytorch_vision_v0.10.0
Iteration: 76
Using cache found in /home/zbw/.cache/torch/hub/pytorch_vision_v0.10.0
Iteration: 77
Using cache found in /home/zbw/.cache/torch/hub/pytorch_vision_v0.10.0
Iteration: 78
Using cache found in /home/zbw/.cache/torch/hub/pytorch_vision_v0.10.0
Iteration: 79
Using cache found in /home/zbw/.cache/torch/hub/pytorch_vision_v0.10.0
Iteration: 80
Using cache found in /home/zbw/.cache/torch/hub/pytorch_vision_v0.10.0
Iteration: 81
Using cache found in /home/zbw/.cache/torch/hub/pytorch_vision_v0.10.0
Iteration: 82
Using cache found in /home/zbw/.cache/torch/hub/pytorch_vision_v0.10.0
Iteration: 83
Using cache found in /home/zbw/.cache/torch/hub/pytorch_vision_v0.10.0
Iteration: 84
Using cache found in /home/zbw/.cache/torch/hub/pytorch_vision_v0.10.0
Iteration: 85
percentage: 70
70.0
Using cache found in /home/zbw/.cache/torch/hub/pytorch_vision_v0.10.0
Iteration: 10
Using cache found in /home/zbw/.cache/torch/hub/pytorch_vision_v0.10.0
Iteration: 11
Using cache found in /home/zbw/.cache/torch/hub/pytorch_vision_v0.10.0
Iteration: 12
Using cache found in /home/zbw/.cache/torch/hub/pytorch_vision_v0.10.0
Iteration: 13
Using cache found in /home/zbw/.cache/torch/hub/pytorch_vision_v0.10.0
Iteration: 14
Using cache found in /home/zbw/.cache/torch/hub/pytorch_vision_v0.10.0
Iteration: 15
Using cache found in /home/zbw/.cache/torch/hub/pytorch_vision_v0.10.0
Iteration: 16
Using cache found in /home/zbw/.cache/torch/hub/pytorch_vision_v0.10.0
Iteration: 17
Using cache found in /home/zbw/.cache/torch/hub/pytorch_vision_v0.10.0
Iteration: 18
Using cache found in /home/zbw/.cache/torch/hub/pytorch_vision_v0.10.0
Iteration: 19
Using cache found in /home/zbw/.cache/torch/hub/pytorch_vision_v0.10.0
Iteration: 20
Using cache found in /home/zbw/.cache/torch/hub/pytorch_vision_v0.10.0
Iteration: 21
Using cache found in /home/zbw/.cache/torch/hub/pytorch_vision_v0.10.0
Iteration: 22
Using cache found in /home/zbw/.cache/torch/hub/pytorch_vision_v0.10.0
Iteration: 23
Using cache found in /home/zbw/.cache/torch/hub/pytorch_vision_v0.10.0
Iteration: 24
Using cache found in /home/zbw/.cache/torch/hub/pytorch_vision_v0.10.0
Iteration: 25
Using cache found in /home/zbw/.cache/torch/hub/pytorch_vision_v0.10.0
Iteration: 26
Using cache found in /home/zbw/.cache/torch/hub/pytorch_vision_v0.10.0
Iteration: 27
Using cache found in /home/zbw/.cache/torch/hub/pytorch_vision_v0.10.0
Iteration: 28
Using cache found in /home/zbw/.cache/torch/hub/pytorch_vision_v0.10.0
Iteration: 29
Using cache found in /home/zbw/.cache/torch/hub/pytorch_vision_v0.10.0
Iteration: 30
Using cache found in /home/zbw/.cache/torch/hub/pytorch_vision_v0.10.0
Iteration: 31
Using cache found in /home/zbw/.cache/torch/hub/pytorch_vision_v0.10.0
Iteration: 32
Using cache found in /home/zbw/.cache/torch/hub/pytorch_vision_v0.10.0
Iteration: 33
Using cache found in /home/zbw/.cache/torch/hub/pytorch_vision_v0.10.0
Iteration: 34
Using cache found in /home/zbw/.cache/torch/hub/pytorch_vision_v0.10.0
Iteration: 35
Using cache found in /home/zbw/.cache/torch/hub/pytorch_vision_v0.10.0
Iteration: 36
Using cache found in /home/zbw/.cache/torch/hub/pytorch_vision_v0.10.0
Iteration: 37
Using cache found in /home/zbw/.cache/torch/hub/pytorch_vision_v0.10.0
Iteration: 38
Using cache found in /home/zbw/.cache/torch/hub/pytorch_vision_v0.10.0
Iteration: 39
Using cache found in /home/zbw/.cache/torch/hub/pytorch_vision_v0.10.0
Iteration: 40
Using cache found in /home/zbw/.cache/torch/hub/pytorch_vision_v0.10.0
Iteration: 41
Using cache found in /home/zbw/.cache/torch/hub/pytorch_vision_v0.10.0
Iteration: 42
Using cache found in /home/zbw/.cache/torch/hub/pytorch_vision_v0.10.0
Iteration: 43
Using cache found in /home/zbw/.cache/torch/hub/pytorch_vision_v0.10.0
Iteration: 44
Using cache found in /home/zbw/.cache/torch/hub/pytorch_vision_v0.10.0
Iteration: 45
Using cache found in /home/zbw/.cache/torch/hub/pytorch_vision_v0.10.0
Iteration: 46
Using cache found in /home/zbw/.cache/torch/hub/pytorch_vision_v0.10.0
Iteration: 47
Using cache found in /home/zbw/.cache/torch/hub/pytorch_vision_v0.10.0
Iteration: 48
Using cache found in /home/zbw/.cache/torch/hub/pytorch_vision_v0.10.0
Iteration: 49
Using cache found in /home/zbw/.cache/torch/hub/pytorch_vision_v0.10.0
Iteration: 50
Using cache found in /home/zbw/.cache/torch/hub/pytorch_vision_v0.10.0
Iteration: 51
Using cache found in /home/zbw/.cache/torch/hub/pytorch_vision_v0.10.0
Iteration: 52
Using cache found in /home/zbw/.cache/torch/hub/pytorch_vision_v0.10.0
Iteration: 53
Using cache found in /home/zbw/.cache/torch/hub/pytorch_vision_v0.10.0
Iteration: 54
Using cache found in /home/zbw/.cache/torch/hub/pytorch_vision_v0.10.0
Iteration: 55
Using cache found in /home/zbw/.cache/torch/hub/pytorch_vision_v0.10.0
Iteration: 56
Using cache found in /home/zbw/.cache/torch/hub/pytorch_vision_v0.10.0
Iteration: 57
Using cache found in /home/zbw/.cache/torch/hub/pytorch_vision_v0.10.0
Iteration: 58
Using cache found in /home/zbw/.cache/torch/hub/pytorch_vision_v0.10.0
Iteration: 59
Using cache found in /home/zbw/.cache/torch/hub/pytorch_vision_v0.10.0
Iteration: 60
Using cache found in /home/zbw/.cache/torch/hub/pytorch_vision_v0.10.0
Iteration: 61
Using cache found in /home/zbw/.cache/torch/hub/pytorch_vision_v0.10.0
Iteration: 62
Using cache found in /home/zbw/.cache/torch/hub/pytorch_vision_v0.10.0
Iteration: 63
Using cache found in /home/zbw/.cache/torch/hub/pytorch_vision_v0.10.0
Iteration: 64
Using cache found in /home/zbw/.cache/torch/hub/pytorch_vision_v0.10.0
Iteration: 65
Using cache found in /home/zbw/.cache/torch/hub/pytorch_vision_v0.10.0
Iteration: 66
Using cache found in /home/zbw/.cache/torch/hub/pytorch_vision_v0.10.0
Iteration: 67
Using cache found in /home/zbw/.cache/torch/hub/pytorch_vision_v0.10.0
Iteration: 68
Using cache found in /home/zbw/.cache/torch/hub/pytorch_vision_v0.10.0
Iteration: 69
Using cache found in /home/zbw/.cache/torch/hub/pytorch_vision_v0.10.0
Iteration: 70
Using cache found in /home/zbw/.cache/torch/hub/pytorch_vision_v0.10.0
Iteration: 71
Using cache found in /home/zbw/.cache/torch/hub/pytorch_vision_v0.10.0
Iteration: 72
Using cache found in /home/zbw/.cache/torch/hub/pytorch_vision_v0.10.0
Iteration: 73
Using cache found in /home/zbw/.cache/torch/hub/pytorch_vision_v0.10.0
Iteration: 74
Using cache found in /home/zbw/.cache/torch/hub/pytorch_vision_v0.10.0
Iteration: 75
Using cache found in /home/zbw/.cache/torch/hub/pytorch_vision_v0.10.0
Iteration: 76
Using cache found in /home/zbw/.cache/torch/hub/pytorch_vision_v0.10.0
Iteration: 77
Using cache found in /home/zbw/.cache/torch/hub/pytorch_vision_v0.10.0
Iteration: 78
Using cache found in /home/zbw/.cache/torch/hub/pytorch_vision_v0.10.0
Iteration: 79
Using cache found in /home/zbw/.cache/torch/hub/pytorch_vision_v0.10.0
Iteration: 80
Using cache found in /home/zbw/.cache/torch/hub/pytorch_vision_v0.10.0
Iteration: 81
Using cache found in /home/zbw/.cache/torch/hub/pytorch_vision_v0.10.0
Iteration: 82
Using cache found in /home/zbw/.cache/torch/hub/pytorch_vision_v0.10.0
Iteration: 83
Using cache found in /home/zbw/.cache/torch/hub/pytorch_vision_v0.10.0
Iteration: 84
Using cache found in /home/zbw/.cache/torch/hub/pytorch_vision_v0.10.0
Iteration: 85
percentage: 60
60.0
Using cache found in /home/zbw/.cache/torch/hub/pytorch_vision_v0.10.0
Iteration: 10
Using cache found in /home/zbw/.cache/torch/hub/pytorch_vision_v0.10.0
Iteration: 11
Using cache found in /home/zbw/.cache/torch/hub/pytorch_vision_v0.10.0
Iteration: 12
Using cache found in /home/zbw/.cache/torch/hub/pytorch_vision_v0.10.0
Iteration: 13
Using cache found in /home/zbw/.cache/torch/hub/pytorch_vision_v0.10.0
Iteration: 14
Using cache found in /home/zbw/.cache/torch/hub/pytorch_vision_v0.10.0
Iteration: 15
Using cache found in /home/zbw/.cache/torch/hub/pytorch_vision_v0.10.0
Iteration: 16
Using cache found in /home/zbw/.cache/torch/hub/pytorch_vision_v0.10.0
Iteration: 17
Using cache found in /home/zbw/.cache/torch/hub/pytorch_vision_v0.10.0
Iteration: 18
Using cache found in /home/zbw/.cache/torch/hub/pytorch_vision_v0.10.0
Iteration: 19
Using cache found in /home/zbw/.cache/torch/hub/pytorch_vision_v0.10.0
Iteration: 20
Using cache found in /home/zbw/.cache/torch/hub/pytorch_vision_v0.10.0
Iteration: 21
Using cache found in /home/zbw/.cache/torch/hub/pytorch_vision_v0.10.0
Iteration: 22
Using cache found in /home/zbw/.cache/torch/hub/pytorch_vision_v0.10.0
Iteration: 23
Using cache found in /home/zbw/.cache/torch/hub/pytorch_vision_v0.10.0
Iteration: 24
Using cache found in /home/zbw/.cache/torch/hub/pytorch_vision_v0.10.0
Iteration: 25
Using cache found in /home/zbw/.cache/torch/hub/pytorch_vision_v0.10.0
Iteration: 26
Using cache found in /home/zbw/.cache/torch/hub/pytorch_vision_v0.10.0
Iteration: 27
Using cache found in /home/zbw/.cache/torch/hub/pytorch_vision_v0.10.0
Iteration: 28
Using cache found in /home/zbw/.cache/torch/hub/pytorch_vision_v0.10.0
Iteration: 29
Using cache found in /home/zbw/.cache/torch/hub/pytorch_vision_v0.10.0
Iteration: 30
Using cache found in /home/zbw/.cache/torch/hub/pytorch_vision_v0.10.0
Iteration: 31
Using cache found in /home/zbw/.cache/torch/hub/pytorch_vision_v0.10.0
Iteration: 32
Using cache found in /home/zbw/.cache/torch/hub/pytorch_vision_v0.10.0
Iteration: 33
Using cache found in /home/zbw/.cache/torch/hub/pytorch_vision_v0.10.0
Iteration: 34
Using cache found in /home/zbw/.cache/torch/hub/pytorch_vision_v0.10.0
Iteration: 35
Using cache found in /home/zbw/.cache/torch/hub/pytorch_vision_v0.10.0
Iteration: 36
Using cache found in /home/zbw/.cache/torch/hub/pytorch_vision_v0.10.0
Iteration: 37
Using cache found in /home/zbw/.cache/torch/hub/pytorch_vision_v0.10.0
Iteration: 38
Using cache found in /home/zbw/.cache/torch/hub/pytorch_vision_v0.10.0
Iteration: 39
Using cache found in /home/zbw/.cache/torch/hub/pytorch_vision_v0.10.0
Iteration: 40
Using cache found in /home/zbw/.cache/torch/hub/pytorch_vision_v0.10.0
Iteration: 41
Using cache found in /home/zbw/.cache/torch/hub/pytorch_vision_v0.10.0
Iteration: 42
Using cache found in /home/zbw/.cache/torch/hub/pytorch_vision_v0.10.0
Iteration: 43
Using cache found in /home/zbw/.cache/torch/hub/pytorch_vision_v0.10.0
Iteration: 44
Using cache found in /home/zbw/.cache/torch/hub/pytorch_vision_v0.10.0
Iteration: 45
Using cache found in /home/zbw/.cache/torch/hub/pytorch_vision_v0.10.0
Iteration: 46
Using cache found in /home/zbw/.cache/torch/hub/pytorch_vision_v0.10.0
Iteration: 47
Using cache found in /home/zbw/.cache/torch/hub/pytorch_vision_v0.10.0
Iteration: 48
Using cache found in /home/zbw/.cache/torch/hub/pytorch_vision_v0.10.0
Iteration: 49
Using cache found in /home/zbw/.cache/torch/hub/pytorch_vision_v0.10.0
Iteration: 50
Using cache found in /home/zbw/.cache/torch/hub/pytorch_vision_v0.10.0
Iteration: 51
Using cache found in /home/zbw/.cache/torch/hub/pytorch_vision_v0.10.0
Iteration: 52
Using cache found in /home/zbw/.cache/torch/hub/pytorch_vision_v0.10.0
Iteration: 53
Using cache found in /home/zbw/.cache/torch/hub/pytorch_vision_v0.10.0
Iteration: 54
Using cache found in /home/zbw/.cache/torch/hub/pytorch_vision_v0.10.0
Iteration: 55
Using cache found in /home/zbw/.cache/torch/hub/pytorch_vision_v0.10.0
Iteration: 56
Using cache found in /home/zbw/.cache/torch/hub/pytorch_vision_v0.10.0
Iteration: 57
Using cache found in /home/zbw/.cache/torch/hub/pytorch_vision_v0.10.0
Iteration: 58
Using cache found in /home/zbw/.cache/torch/hub/pytorch_vision_v0.10.0
Iteration: 59
Using cache found in /home/zbw/.cache/torch/hub/pytorch_vision_v0.10.0
Iteration: 60
Using cache found in /home/zbw/.cache/torch/hub/pytorch_vision_v0.10.0
Iteration: 61
Using cache found in /home/zbw/.cache/torch/hub/pytorch_vision_v0.10.0
Iteration: 62
Using cache found in /home/zbw/.cache/torch/hub/pytorch_vision_v0.10.0
Iteration: 63
Using cache found in /home/zbw/.cache/torch/hub/pytorch_vision_v0.10.0
Iteration: 64
Using cache found in /home/zbw/.cache/torch/hub/pytorch_vision_v0.10.0
Iteration: 65
Using cache found in /home/zbw/.cache/torch/hub/pytorch_vision_v0.10.0
Iteration: 66
Using cache found in /home/zbw/.cache/torch/hub/pytorch_vision_v0.10.0
Iteration: 67
Using cache found in /home/zbw/.cache/torch/hub/pytorch_vision_v0.10.0
Iteration: 68
Using cache found in /home/zbw/.cache/torch/hub/pytorch_vision_v0.10.0
Iteration: 69
Using cache found in /home/zbw/.cache/torch/hub/pytorch_vision_v0.10.0
Iteration: 70
Using cache found in /home/zbw/.cache/torch/hub/pytorch_vision_v0.10.0
Iteration: 71
Using cache found in /home/zbw/.cache/torch/hub/pytorch_vision_v0.10.0
Iteration: 72
Using cache found in /home/zbw/.cache/torch/hub/pytorch_vision_v0.10.0
Iteration: 73
Using cache found in /home/zbw/.cache/torch/hub/pytorch_vision_v0.10.0
Iteration: 74
Using cache found in /home/zbw/.cache/torch/hub/pytorch_vision_v0.10.0
Iteration: 75
Using cache found in /home/zbw/.cache/torch/hub/pytorch_vision_v0.10.0
Iteration: 76
Using cache found in /home/zbw/.cache/torch/hub/pytorch_vision_v0.10.0
Iteration: 77
Using cache found in /home/zbw/.cache/torch/hub/pytorch_vision_v0.10.0
Iteration: 78
Using cache found in /home/zbw/.cache/torch/hub/pytorch_vision_v0.10.0
Iteration: 79
Using cache found in /home/zbw/.cache/torch/hub/pytorch_vision_v0.10.0
Iteration: 80
Using cache found in /home/zbw/.cache/torch/hub/pytorch_vision_v0.10.0
Iteration: 81
Using cache found in /home/zbw/.cache/torch/hub/pytorch_vision_v0.10.0
Iteration: 82
Using cache found in /home/zbw/.cache/torch/hub/pytorch_vision_v0.10.0
Iteration: 83
Using cache found in /home/zbw/.cache/torch/hub/pytorch_vision_v0.10.0
Iteration: 84
Using cache found in /home/zbw/.cache/torch/hub/pytorch_vision_v0.10.0
Iteration: 85
percentage: 50
50.0
Using cache found in /home/zbw/.cache/torch/hub/pytorch_vision_v0.10.0
Iteration: 10
Using cache found in /home/zbw/.cache/torch/hub/pytorch_vision_v0.10.0
Iteration: 11
Using cache found in /home/zbw/.cache/torch/hub/pytorch_vision_v0.10.0
Iteration: 12
Using cache found in /home/zbw/.cache/torch/hub/pytorch_vision_v0.10.0
Iteration: 13
Using cache found in /home/zbw/.cache/torch/hub/pytorch_vision_v0.10.0
Iteration: 14
Using cache found in /home/zbw/.cache/torch/hub/pytorch_vision_v0.10.0
Iteration: 15
Using cache found in /home/zbw/.cache/torch/hub/pytorch_vision_v0.10.0
Iteration: 16
Using cache found in /home/zbw/.cache/torch/hub/pytorch_vision_v0.10.0
Iteration: 17
Using cache found in /home/zbw/.cache/torch/hub/pytorch_vision_v0.10.0
Iteration: 18
Using cache found in /home/zbw/.cache/torch/hub/pytorch_vision_v0.10.0
Iteration: 19
Using cache found in /home/zbw/.cache/torch/hub/pytorch_vision_v0.10.0
Iteration: 20
Using cache found in /home/zbw/.cache/torch/hub/pytorch_vision_v0.10.0
Iteration: 21
Using cache found in /home/zbw/.cache/torch/hub/pytorch_vision_v0.10.0
Iteration: 22
Using cache found in /home/zbw/.cache/torch/hub/pytorch_vision_v0.10.0
Iteration: 23
Using cache found in /home/zbw/.cache/torch/hub/pytorch_vision_v0.10.0
Iteration: 24
Using cache found in /home/zbw/.cache/torch/hub/pytorch_vision_v0.10.0
Iteration: 25
Using cache found in /home/zbw/.cache/torch/hub/pytorch_vision_v0.10.0
Iteration: 26
Using cache found in /home/zbw/.cache/torch/hub/pytorch_vision_v0.10.0
Iteration: 27
Using cache found in /home/zbw/.cache/torch/hub/pytorch_vision_v0.10.0
Iteration: 28
Using cache found in /home/zbw/.cache/torch/hub/pytorch_vision_v0.10.0
Iteration: 29
Using cache found in /home/zbw/.cache/torch/hub/pytorch_vision_v0.10.0
Iteration: 30
Using cache found in /home/zbw/.cache/torch/hub/pytorch_vision_v0.10.0
Iteration: 31
Using cache found in /home/zbw/.cache/torch/hub/pytorch_vision_v0.10.0
Iteration: 32
Using cache found in /home/zbw/.cache/torch/hub/pytorch_vision_v0.10.0
Iteration: 33
Using cache found in /home/zbw/.cache/torch/hub/pytorch_vision_v0.10.0
Iteration: 34
Using cache found in /home/zbw/.cache/torch/hub/pytorch_vision_v0.10.0
Iteration: 35
Using cache found in /home/zbw/.cache/torch/hub/pytorch_vision_v0.10.0
Iteration: 36
Using cache found in /home/zbw/.cache/torch/hub/pytorch_vision_v0.10.0
Iteration: 37
Using cache found in /home/zbw/.cache/torch/hub/pytorch_vision_v0.10.0
Iteration: 38
Using cache found in /home/zbw/.cache/torch/hub/pytorch_vision_v0.10.0
Iteration: 39
Using cache found in /home/zbw/.cache/torch/hub/pytorch_vision_v0.10.0
Iteration: 40
Using cache found in /home/zbw/.cache/torch/hub/pytorch_vision_v0.10.0
Iteration: 41
Using cache found in /home/zbw/.cache/torch/hub/pytorch_vision_v0.10.0
Iteration: 42
Using cache found in /home/zbw/.cache/torch/hub/pytorch_vision_v0.10.0
Iteration: 43
Using cache found in /home/zbw/.cache/torch/hub/pytorch_vision_v0.10.0
Iteration: 44
Using cache found in /home/zbw/.cache/torch/hub/pytorch_vision_v0.10.0
Iteration: 45
Using cache found in /home/zbw/.cache/torch/hub/pytorch_vision_v0.10.0
Iteration: 46
Using cache found in /home/zbw/.cache/torch/hub/pytorch_vision_v0.10.0
Iteration: 47
Using cache found in /home/zbw/.cache/torch/hub/pytorch_vision_v0.10.0
Iteration: 48
Using cache found in /home/zbw/.cache/torch/hub/pytorch_vision_v0.10.0
Iteration: 49
Using cache found in /home/zbw/.cache/torch/hub/pytorch_vision_v0.10.0
Iteration: 50
Using cache found in /home/zbw/.cache/torch/hub/pytorch_vision_v0.10.0
Iteration: 51
Using cache found in /home/zbw/.cache/torch/hub/pytorch_vision_v0.10.0
Iteration: 52
Using cache found in /home/zbw/.cache/torch/hub/pytorch_vision_v0.10.0
Iteration: 53
Using cache found in /home/zbw/.cache/torch/hub/pytorch_vision_v0.10.0
Iteration: 54
Using cache found in /home/zbw/.cache/torch/hub/pytorch_vision_v0.10.0
Iteration: 55
Using cache found in /home/zbw/.cache/torch/hub/pytorch_vision_v0.10.0
Iteration: 56
Using cache found in /home/zbw/.cache/torch/hub/pytorch_vision_v0.10.0
Iteration: 57
Using cache found in /home/zbw/.cache/torch/hub/pytorch_vision_v0.10.0
Iteration: 58
Using cache found in /home/zbw/.cache/torch/hub/pytorch_vision_v0.10.0
Iteration: 59
Using cache found in /home/zbw/.cache/torch/hub/pytorch_vision_v0.10.0
Iteration: 60
Using cache found in /home/zbw/.cache/torch/hub/pytorch_vision_v0.10.0
Iteration: 61
Using cache found in /home/zbw/.cache/torch/hub/pytorch_vision_v0.10.0
Iteration: 62
Using cache found in /home/zbw/.cache/torch/hub/pytorch_vision_v0.10.0
Iteration: 63
Using cache found in /home/zbw/.cache/torch/hub/pytorch_vision_v0.10.0
Iteration: 64
Using cache found in /home/zbw/.cache/torch/hub/pytorch_vision_v0.10.0
Iteration: 65
Using cache found in /home/zbw/.cache/torch/hub/pytorch_vision_v0.10.0
Iteration: 66
Using cache found in /home/zbw/.cache/torch/hub/pytorch_vision_v0.10.0
Iteration: 67
Using cache found in /home/zbw/.cache/torch/hub/pytorch_vision_v0.10.0
Iteration: 68
Using cache found in /home/zbw/.cache/torch/hub/pytorch_vision_v0.10.0
Iteration: 69
Using cache found in /home/zbw/.cache/torch/hub/pytorch_vision_v0.10.0
Iteration: 70
Using cache found in /home/zbw/.cache/torch/hub/pytorch_vision_v0.10.0
Iteration: 71
Using cache found in /home/zbw/.cache/torch/hub/pytorch_vision_v0.10.0
Iteration: 72
Using cache found in /home/zbw/.cache/torch/hub/pytorch_vision_v0.10.0
Iteration: 73
Using cache found in /home/zbw/.cache/torch/hub/pytorch_vision_v0.10.0
Iteration: 74
Using cache found in /home/zbw/.cache/torch/hub/pytorch_vision_v0.10.0
Iteration: 75
Using cache found in /home/zbw/.cache/torch/hub/pytorch_vision_v0.10.0
Iteration: 76
Using cache found in /home/zbw/.cache/torch/hub/pytorch_vision_v0.10.0
Iteration: 77
Using cache found in /home/zbw/.cache/torch/hub/pytorch_vision_v0.10.0
Iteration: 78
Using cache found in /home/zbw/.cache/torch/hub/pytorch_vision_v0.10.0
Iteration: 79
Using cache found in /home/zbw/.cache/torch/hub/pytorch_vision_v0.10.0
Iteration: 80
Using cache found in /home/zbw/.cache/torch/hub/pytorch_vision_v0.10.0
Iteration: 81
Using cache found in /home/zbw/.cache/torch/hub/pytorch_vision_v0.10.0
Iteration: 82
Using cache found in /home/zbw/.cache/torch/hub/pytorch_vision_v0.10.0
Iteration: 83
Using cache found in /home/zbw/.cache/torch/hub/pytorch_vision_v0.10.0
Iteration: 84
Using cache found in /home/zbw/.cache/torch/hub/pytorch_vision_v0.10.0
Iteration: 85
percentage: 40
40.0
Using cache found in /home/zbw/.cache/torch/hub/pytorch_vision_v0.10.0
Iteration: 10
Using cache found in /home/zbw/.cache/torch/hub/pytorch_vision_v0.10.0
Iteration: 11
Using cache found in /home/zbw/.cache/torch/hub/pytorch_vision_v0.10.0
Iteration: 12
Using cache found in /home/zbw/.cache/torch/hub/pytorch_vision_v0.10.0
Iteration: 13
Using cache found in /home/zbw/.cache/torch/hub/pytorch_vision_v0.10.0
Iteration: 14
Using cache found in /home/zbw/.cache/torch/hub/pytorch_vision_v0.10.0
Iteration: 15
Using cache found in /home/zbw/.cache/torch/hub/pytorch_vision_v0.10.0
Iteration: 16
Using cache found in /home/zbw/.cache/torch/hub/pytorch_vision_v0.10.0
Iteration: 17
Using cache found in /home/zbw/.cache/torch/hub/pytorch_vision_v0.10.0
Iteration: 18
Using cache found in /home/zbw/.cache/torch/hub/pytorch_vision_v0.10.0
Iteration: 19
Using cache found in /home/zbw/.cache/torch/hub/pytorch_vision_v0.10.0
Iteration: 20
Using cache found in /home/zbw/.cache/torch/hub/pytorch_vision_v0.10.0
Iteration: 21
Using cache found in /home/zbw/.cache/torch/hub/pytorch_vision_v0.10.0
Iteration: 22
Using cache found in /home/zbw/.cache/torch/hub/pytorch_vision_v0.10.0
Iteration: 23
Using cache found in /home/zbw/.cache/torch/hub/pytorch_vision_v0.10.0
Iteration: 24
Using cache found in /home/zbw/.cache/torch/hub/pytorch_vision_v0.10.0
Iteration: 25
Using cache found in /home/zbw/.cache/torch/hub/pytorch_vision_v0.10.0
Iteration: 26
Using cache found in /home/zbw/.cache/torch/hub/pytorch_vision_v0.10.0
Iteration: 27
Using cache found in /home/zbw/.cache/torch/hub/pytorch_vision_v0.10.0
Iteration: 28
Using cache found in /home/zbw/.cache/torch/hub/pytorch_vision_v0.10.0
Iteration: 29
Using cache found in /home/zbw/.cache/torch/hub/pytorch_vision_v0.10.0
Iteration: 30
Using cache found in /home/zbw/.cache/torch/hub/pytorch_vision_v0.10.0
Iteration: 31
Using cache found in /home/zbw/.cache/torch/hub/pytorch_vision_v0.10.0
Iteration: 32
Using cache found in /home/zbw/.cache/torch/hub/pytorch_vision_v0.10.0
Iteration: 33
Using cache found in /home/zbw/.cache/torch/hub/pytorch_vision_v0.10.0
Iteration: 34
Using cache found in /home/zbw/.cache/torch/hub/pytorch_vision_v0.10.0
Iteration: 35
Using cache found in /home/zbw/.cache/torch/hub/pytorch_vision_v0.10.0
Iteration: 36
Using cache found in /home/zbw/.cache/torch/hub/pytorch_vision_v0.10.0
Iteration: 37
Using cache found in /home/zbw/.cache/torch/hub/pytorch_vision_v0.10.0
Iteration: 38
Using cache found in /home/zbw/.cache/torch/hub/pytorch_vision_v0.10.0
Iteration: 39
Using cache found in /home/zbw/.cache/torch/hub/pytorch_vision_v0.10.0
Iteration: 40
Using cache found in /home/zbw/.cache/torch/hub/pytorch_vision_v0.10.0
Iteration: 41
Using cache found in /home/zbw/.cache/torch/hub/pytorch_vision_v0.10.0
Iteration: 42
Using cache found in /home/zbw/.cache/torch/hub/pytorch_vision_v0.10.0
Iteration: 43
Using cache found in /home/zbw/.cache/torch/hub/pytorch_vision_v0.10.0
Iteration: 44
Using cache found in /home/zbw/.cache/torch/hub/pytorch_vision_v0.10.0
Iteration: 45
Using cache found in /home/zbw/.cache/torch/hub/pytorch_vision_v0.10.0
Iteration: 46
Using cache found in /home/zbw/.cache/torch/hub/pytorch_vision_v0.10.0
Iteration: 47
Using cache found in /home/zbw/.cache/torch/hub/pytorch_vision_v0.10.0
Iteration: 48
Using cache found in /home/zbw/.cache/torch/hub/pytorch_vision_v0.10.0
Iteration: 49
Using cache found in /home/zbw/.cache/torch/hub/pytorch_vision_v0.10.0
Iteration: 50
Using cache found in /home/zbw/.cache/torch/hub/pytorch_vision_v0.10.0
Iteration: 51
Using cache found in /home/zbw/.cache/torch/hub/pytorch_vision_v0.10.0
Iteration: 52
Using cache found in /home/zbw/.cache/torch/hub/pytorch_vision_v0.10.0
Iteration: 53
Using cache found in /home/zbw/.cache/torch/hub/pytorch_vision_v0.10.0
Iteration: 54
Using cache found in /home/zbw/.cache/torch/hub/pytorch_vision_v0.10.0
Iteration: 55
Using cache found in /home/zbw/.cache/torch/hub/pytorch_vision_v0.10.0
Iteration: 56
Using cache found in /home/zbw/.cache/torch/hub/pytorch_vision_v0.10.0
Iteration: 57
Using cache found in /home/zbw/.cache/torch/hub/pytorch_vision_v0.10.0
Iteration: 58
Using cache found in /home/zbw/.cache/torch/hub/pytorch_vision_v0.10.0
Iteration: 59
Using cache found in /home/zbw/.cache/torch/hub/pytorch_vision_v0.10.0
Iteration: 60
Using cache found in /home/zbw/.cache/torch/hub/pytorch_vision_v0.10.0
Iteration: 61
Using cache found in /home/zbw/.cache/torch/hub/pytorch_vision_v0.10.0
Iteration: 62
Using cache found in /home/zbw/.cache/torch/hub/pytorch_vision_v0.10.0
Iteration: 63
Using cache found in /home/zbw/.cache/torch/hub/pytorch_vision_v0.10.0
Iteration: 64
Using cache found in /home/zbw/.cache/torch/hub/pytorch_vision_v0.10.0
Iteration: 65
Using cache found in /home/zbw/.cache/torch/hub/pytorch_vision_v0.10.0
Iteration: 66
Using cache found in /home/zbw/.cache/torch/hub/pytorch_vision_v0.10.0
Iteration: 67
Using cache found in /home/zbw/.cache/torch/hub/pytorch_vision_v0.10.0
Iteration: 68
Using cache found in /home/zbw/.cache/torch/hub/pytorch_vision_v0.10.0
Iteration: 69
Using cache found in /home/zbw/.cache/torch/hub/pytorch_vision_v0.10.0
Iteration: 70
Using cache found in /home/zbw/.cache/torch/hub/pytorch_vision_v0.10.0
Iteration: 71
Using cache found in /home/zbw/.cache/torch/hub/pytorch_vision_v0.10.0
Iteration: 72
Using cache found in /home/zbw/.cache/torch/hub/pytorch_vision_v0.10.0
Iteration: 73
Using cache found in /home/zbw/.cache/torch/hub/pytorch_vision_v0.10.0
Iteration: 74
Using cache found in /home/zbw/.cache/torch/hub/pytorch_vision_v0.10.0
Iteration: 75
Using cache found in /home/zbw/.cache/torch/hub/pytorch_vision_v0.10.0
Iteration: 76
Using cache found in /home/zbw/.cache/torch/hub/pytorch_vision_v0.10.0
Iteration: 77
Using cache found in /home/zbw/.cache/torch/hub/pytorch_vision_v0.10.0
Iteration: 78
Using cache found in /home/zbw/.cache/torch/hub/pytorch_vision_v0.10.0
Iteration: 79
Using cache found in /home/zbw/.cache/torch/hub/pytorch_vision_v0.10.0
Iteration: 80
Using cache found in /home/zbw/.cache/torch/hub/pytorch_vision_v0.10.0
Iteration: 81
Using cache found in /home/zbw/.cache/torch/hub/pytorch_vision_v0.10.0
Iteration: 82
Using cache found in /home/zbw/.cache/torch/hub/pytorch_vision_v0.10.0
Iteration: 83
Using cache found in /home/zbw/.cache/torch/hub/pytorch_vision_v0.10.0
Iteration: 84
Using cache found in /home/zbw/.cache/torch/hub/pytorch_vision_v0.10.0
Iteration: 85
percentage: 30
30.0
Using cache found in /home/zbw/.cache/torch/hub/pytorch_vision_v0.10.0
Iteration: 10
Using cache found in /home/zbw/.cache/torch/hub/pytorch_vision_v0.10.0
Iteration: 11
Using cache found in /home/zbw/.cache/torch/hub/pytorch_vision_v0.10.0
Iteration: 12
Using cache found in /home/zbw/.cache/torch/hub/pytorch_vision_v0.10.0
Iteration: 13
Using cache found in /home/zbw/.cache/torch/hub/pytorch_vision_v0.10.0
Iteration: 14
Using cache found in /home/zbw/.cache/torch/hub/pytorch_vision_v0.10.0
Iteration: 15
Using cache found in /home/zbw/.cache/torch/hub/pytorch_vision_v0.10.0
Iteration: 16
Using cache found in /home/zbw/.cache/torch/hub/pytorch_vision_v0.10.0
Iteration: 17
Using cache found in /home/zbw/.cache/torch/hub/pytorch_vision_v0.10.0
Iteration: 18
Using cache found in /home/zbw/.cache/torch/hub/pytorch_vision_v0.10.0
Iteration: 19
Using cache found in /home/zbw/.cache/torch/hub/pytorch_vision_v0.10.0
Iteration: 20
Using cache found in /home/zbw/.cache/torch/hub/pytorch_vision_v0.10.0
Iteration: 21
Using cache found in /home/zbw/.cache/torch/hub/pytorch_vision_v0.10.0
Iteration: 22
Using cache found in /home/zbw/.cache/torch/hub/pytorch_vision_v0.10.0
Iteration: 23
Using cache found in /home/zbw/.cache/torch/hub/pytorch_vision_v0.10.0
Iteration: 24
Using cache found in /home/zbw/.cache/torch/hub/pytorch_vision_v0.10.0
Iteration: 25
Using cache found in /home/zbw/.cache/torch/hub/pytorch_vision_v0.10.0
Iteration: 26
Using cache found in /home/zbw/.cache/torch/hub/pytorch_vision_v0.10.0
Iteration: 27
Using cache found in /home/zbw/.cache/torch/hub/pytorch_vision_v0.10.0
Iteration: 28
Using cache found in /home/zbw/.cache/torch/hub/pytorch_vision_v0.10.0
Iteration: 29
Using cache found in /home/zbw/.cache/torch/hub/pytorch_vision_v0.10.0
Iteration: 30
Using cache found in /home/zbw/.cache/torch/hub/pytorch_vision_v0.10.0
Iteration: 31
Using cache found in /home/zbw/.cache/torch/hub/pytorch_vision_v0.10.0
Iteration: 32
Using cache found in /home/zbw/.cache/torch/hub/pytorch_vision_v0.10.0
Iteration: 33
Using cache found in /home/zbw/.cache/torch/hub/pytorch_vision_v0.10.0
Iteration: 34
Using cache found in /home/zbw/.cache/torch/hub/pytorch_vision_v0.10.0
Iteration: 35
Using cache found in /home/zbw/.cache/torch/hub/pytorch_vision_v0.10.0
Iteration: 36
Using cache found in /home/zbw/.cache/torch/hub/pytorch_vision_v0.10.0
Iteration: 37
Using cache found in /home/zbw/.cache/torch/hub/pytorch_vision_v0.10.0
Iteration: 38
Using cache found in /home/zbw/.cache/torch/hub/pytorch_vision_v0.10.0
Iteration: 39
Using cache found in /home/zbw/.cache/torch/hub/pytorch_vision_v0.10.0
Iteration: 40
Using cache found in /home/zbw/.cache/torch/hub/pytorch_vision_v0.10.0
Iteration: 41
Using cache found in /home/zbw/.cache/torch/hub/pytorch_vision_v0.10.0
Iteration: 42
Using cache found in /home/zbw/.cache/torch/hub/pytorch_vision_v0.10.0
Iteration: 43
Using cache found in /home/zbw/.cache/torch/hub/pytorch_vision_v0.10.0
Iteration: 44
Using cache found in /home/zbw/.cache/torch/hub/pytorch_vision_v0.10.0
Iteration: 45
Using cache found in /home/zbw/.cache/torch/hub/pytorch_vision_v0.10.0
Iteration: 46
Using cache found in /home/zbw/.cache/torch/hub/pytorch_vision_v0.10.0
Iteration: 47
Using cache found in /home/zbw/.cache/torch/hub/pytorch_vision_v0.10.0
Iteration: 48
Using cache found in /home/zbw/.cache/torch/hub/pytorch_vision_v0.10.0
Iteration: 49
Using cache found in /home/zbw/.cache/torch/hub/pytorch_vision_v0.10.0
Iteration: 50
Using cache found in /home/zbw/.cache/torch/hub/pytorch_vision_v0.10.0
Iteration: 51
Using cache found in /home/zbw/.cache/torch/hub/pytorch_vision_v0.10.0
Iteration: 52
Using cache found in /home/zbw/.cache/torch/hub/pytorch_vision_v0.10.0
Iteration: 53
Using cache found in /home/zbw/.cache/torch/hub/pytorch_vision_v0.10.0
Iteration: 54
Using cache found in /home/zbw/.cache/torch/hub/pytorch_vision_v0.10.0
Iteration: 55
Using cache found in /home/zbw/.cache/torch/hub/pytorch_vision_v0.10.0
Iteration: 56
Using cache found in /home/zbw/.cache/torch/hub/pytorch_vision_v0.10.0
Iteration: 57
Using cache found in /home/zbw/.cache/torch/hub/pytorch_vision_v0.10.0
Iteration: 58
Using cache found in /home/zbw/.cache/torch/hub/pytorch_vision_v0.10.0
Iteration: 59
Using cache found in /home/zbw/.cache/torch/hub/pytorch_vision_v0.10.0
Iteration: 60
Using cache found in /home/zbw/.cache/torch/hub/pytorch_vision_v0.10.0
Iteration: 61
Using cache found in /home/zbw/.cache/torch/hub/pytorch_vision_v0.10.0
Iteration: 62
Using cache found in /home/zbw/.cache/torch/hub/pytorch_vision_v0.10.0
Iteration: 63
Using cache found in /home/zbw/.cache/torch/hub/pytorch_vision_v0.10.0
Iteration: 64
Using cache found in /home/zbw/.cache/torch/hub/pytorch_vision_v0.10.0
Iteration: 65
Using cache found in /home/zbw/.cache/torch/hub/pytorch_vision_v0.10.0
Iteration: 66
Using cache found in /home/zbw/.cache/torch/hub/pytorch_vision_v0.10.0
Iteration: 67
Using cache found in /home/zbw/.cache/torch/hub/pytorch_vision_v0.10.0
Iteration: 68
Using cache found in /home/zbw/.cache/torch/hub/pytorch_vision_v0.10.0
Iteration: 69
Using cache found in /home/zbw/.cache/torch/hub/pytorch_vision_v0.10.0
Iteration: 70
Using cache found in /home/zbw/.cache/torch/hub/pytorch_vision_v0.10.0
Iteration: 71
Using cache found in /home/zbw/.cache/torch/hub/pytorch_vision_v0.10.0
Iteration: 72
Using cache found in /home/zbw/.cache/torch/hub/pytorch_vision_v0.10.0
Iteration: 73
Using cache found in /home/zbw/.cache/torch/hub/pytorch_vision_v0.10.0
Iteration: 74
Using cache found in /home/zbw/.cache/torch/hub/pytorch_vision_v0.10.0
Iteration: 75
Using cache found in /home/zbw/.cache/torch/hub/pytorch_vision_v0.10.0
Iteration: 76
Using cache found in /home/zbw/.cache/torch/hub/pytorch_vision_v0.10.0
Iteration: 77
Using cache found in /home/zbw/.cache/torch/hub/pytorch_vision_v0.10.0
Iteration: 78
Using cache found in /home/zbw/.cache/torch/hub/pytorch_vision_v0.10.0
Iteration: 79
Using cache found in /home/zbw/.cache/torch/hub/pytorch_vision_v0.10.0
Iteration: 80
Using cache found in /home/zbw/.cache/torch/hub/pytorch_vision_v0.10.0
Iteration: 81
Using cache found in /home/zbw/.cache/torch/hub/pytorch_vision_v0.10.0
Iteration: 82
Using cache found in /home/zbw/.cache/torch/hub/pytorch_vision_v0.10.0
Iteration: 83
Using cache found in /home/zbw/.cache/torch/hub/pytorch_vision_v0.10.0
Iteration: 84
Using cache found in /home/zbw/.cache/torch/hub/pytorch_vision_v0.10.0
Iteration: 85
percentage: 20
20.0
Using cache found in /home/zbw/.cache/torch/hub/pytorch_vision_v0.10.0
Iteration: 10
Using cache found in /home/zbw/.cache/torch/hub/pytorch_vision_v0.10.0
Iteration: 11
Using cache found in /home/zbw/.cache/torch/hub/pytorch_vision_v0.10.0
Iteration: 12
Using cache found in /home/zbw/.cache/torch/hub/pytorch_vision_v0.10.0
Iteration: 13
Using cache found in /home/zbw/.cache/torch/hub/pytorch_vision_v0.10.0
Iteration: 14
Using cache found in /home/zbw/.cache/torch/hub/pytorch_vision_v0.10.0
Iteration: 15
Using cache found in /home/zbw/.cache/torch/hub/pytorch_vision_v0.10.0
Iteration: 16
Using cache found in /home/zbw/.cache/torch/hub/pytorch_vision_v0.10.0
Iteration: 17
Using cache found in /home/zbw/.cache/torch/hub/pytorch_vision_v0.10.0
Iteration: 18
Using cache found in /home/zbw/.cache/torch/hub/pytorch_vision_v0.10.0
Iteration: 19
Using cache found in /home/zbw/.cache/torch/hub/pytorch_vision_v0.10.0
Iteration: 20
Using cache found in /home/zbw/.cache/torch/hub/pytorch_vision_v0.10.0
Iteration: 21
Using cache found in /home/zbw/.cache/torch/hub/pytorch_vision_v0.10.0
Iteration: 22
Using cache found in /home/zbw/.cache/torch/hub/pytorch_vision_v0.10.0
Iteration: 23
Using cache found in /home/zbw/.cache/torch/hub/pytorch_vision_v0.10.0
Iteration: 24
Using cache found in /home/zbw/.cache/torch/hub/pytorch_vision_v0.10.0
Iteration: 25
Using cache found in /home/zbw/.cache/torch/hub/pytorch_vision_v0.10.0
Iteration: 26
Using cache found in /home/zbw/.cache/torch/hub/pytorch_vision_v0.10.0
Iteration: 27
Using cache found in /home/zbw/.cache/torch/hub/pytorch_vision_v0.10.0
Iteration: 28
Using cache found in /home/zbw/.cache/torch/hub/pytorch_vision_v0.10.0
Iteration: 29
Using cache found in /home/zbw/.cache/torch/hub/pytorch_vision_v0.10.0
Iteration: 30
Using cache found in /home/zbw/.cache/torch/hub/pytorch_vision_v0.10.0
Iteration: 31
Using cache found in /home/zbw/.cache/torch/hub/pytorch_vision_v0.10.0
Iteration: 32
Using cache found in /home/zbw/.cache/torch/hub/pytorch_vision_v0.10.0
Iteration: 33
Using cache found in /home/zbw/.cache/torch/hub/pytorch_vision_v0.10.0
Iteration: 34
Using cache found in /home/zbw/.cache/torch/hub/pytorch_vision_v0.10.0
Iteration: 35
Using cache found in /home/zbw/.cache/torch/hub/pytorch_vision_v0.10.0
Iteration: 36
Using cache found in /home/zbw/.cache/torch/hub/pytorch_vision_v0.10.0
Iteration: 37
Using cache found in /home/zbw/.cache/torch/hub/pytorch_vision_v0.10.0
Iteration: 38
Using cache found in /home/zbw/.cache/torch/hub/pytorch_vision_v0.10.0
Iteration: 39
Using cache found in /home/zbw/.cache/torch/hub/pytorch_vision_v0.10.0
Iteration: 40
Using cache found in /home/zbw/.cache/torch/hub/pytorch_vision_v0.10.0
Iteration: 41
Using cache found in /home/zbw/.cache/torch/hub/pytorch_vision_v0.10.0
Iteration: 42
Using cache found in /home/zbw/.cache/torch/hub/pytorch_vision_v0.10.0
Iteration: 43
Using cache found in /home/zbw/.cache/torch/hub/pytorch_vision_v0.10.0
Iteration: 44
Using cache found in /home/zbw/.cache/torch/hub/pytorch_vision_v0.10.0
Iteration: 45
Using cache found in /home/zbw/.cache/torch/hub/pytorch_vision_v0.10.0
Iteration: 46
Using cache found in /home/zbw/.cache/torch/hub/pytorch_vision_v0.10.0
Iteration: 47
Using cache found in /home/zbw/.cache/torch/hub/pytorch_vision_v0.10.0
Iteration: 48
Using cache found in /home/zbw/.cache/torch/hub/pytorch_vision_v0.10.0
Iteration: 49
Using cache found in /home/zbw/.cache/torch/hub/pytorch_vision_v0.10.0
Iteration: 50
Using cache found in /home/zbw/.cache/torch/hub/pytorch_vision_v0.10.0
Iteration: 51
Using cache found in /home/zbw/.cache/torch/hub/pytorch_vision_v0.10.0
Iteration: 52
Using cache found in /home/zbw/.cache/torch/hub/pytorch_vision_v0.10.0
Iteration: 53
Using cache found in /home/zbw/.cache/torch/hub/pytorch_vision_v0.10.0
Iteration: 54
Using cache found in /home/zbw/.cache/torch/hub/pytorch_vision_v0.10.0
Iteration: 55
Using cache found in /home/zbw/.cache/torch/hub/pytorch_vision_v0.10.0
Iteration: 56
Using cache found in /home/zbw/.cache/torch/hub/pytorch_vision_v0.10.0
Iteration: 57
Using cache found in /home/zbw/.cache/torch/hub/pytorch_vision_v0.10.0
Iteration: 58
Using cache found in /home/zbw/.cache/torch/hub/pytorch_vision_v0.10.0
Iteration: 59
Using cache found in /home/zbw/.cache/torch/hub/pytorch_vision_v0.10.0
Iteration: 60
Using cache found in /home/zbw/.cache/torch/hub/pytorch_vision_v0.10.0
Iteration: 61
Using cache found in /home/zbw/.cache/torch/hub/pytorch_vision_v0.10.0
Iteration: 62
Using cache found in /home/zbw/.cache/torch/hub/pytorch_vision_v0.10.0
Iteration: 63
Using cache found in /home/zbw/.cache/torch/hub/pytorch_vision_v0.10.0
Iteration: 64
Using cache found in /home/zbw/.cache/torch/hub/pytorch_vision_v0.10.0
Iteration: 65
Using cache found in /home/zbw/.cache/torch/hub/pytorch_vision_v0.10.0
Iteration: 66
Using cache found in /home/zbw/.cache/torch/hub/pytorch_vision_v0.10.0
Iteration: 67
Using cache found in /home/zbw/.cache/torch/hub/pytorch_vision_v0.10.0
Iteration: 68
Using cache found in /home/zbw/.cache/torch/hub/pytorch_vision_v0.10.0
Iteration: 69
Using cache found in /home/zbw/.cache/torch/hub/pytorch_vision_v0.10.0
Iteration: 70
Using cache found in /home/zbw/.cache/torch/hub/pytorch_vision_v0.10.0
Iteration: 71
Using cache found in /home/zbw/.cache/torch/hub/pytorch_vision_v0.10.0
Iteration: 72
Using cache found in /home/zbw/.cache/torch/hub/pytorch_vision_v0.10.0
Iteration: 73
Using cache found in /home/zbw/.cache/torch/hub/pytorch_vision_v0.10.0
Iteration: 74
Using cache found in /home/zbw/.cache/torch/hub/pytorch_vision_v0.10.0
Iteration: 75
Using cache found in /home/zbw/.cache/torch/hub/pytorch_vision_v0.10.0
Iteration: 76
Using cache found in /home/zbw/.cache/torch/hub/pytorch_vision_v0.10.0
Iteration: 77
Using cache found in /home/zbw/.cache/torch/hub/pytorch_vision_v0.10.0
Iteration: 78
Using cache found in /home/zbw/.cache/torch/hub/pytorch_vision_v0.10.0
Iteration: 79
Using cache found in /home/zbw/.cache/torch/hub/pytorch_vision_v0.10.0
Iteration: 80
Using cache found in /home/zbw/.cache/torch/hub/pytorch_vision_v0.10.0
Iteration: 81
Using cache found in /home/zbw/.cache/torch/hub/pytorch_vision_v0.10.0
Iteration: 82
Using cache found in /home/zbw/.cache/torch/hub/pytorch_vision_v0.10.0
Iteration: 83
Using cache found in /home/zbw/.cache/torch/hub/pytorch_vision_v0.10.0
Iteration: 84
Using cache found in /home/zbw/.cache/torch/hub/pytorch_vision_v0.10.0
Iteration: 85
percentage: 10
10.0
Using cache found in /home/zbw/.cache/torch/hub/pytorch_vision_v0.10.0
Iteration: 10
Using cache found in /home/zbw/.cache/torch/hub/pytorch_vision_v0.10.0
Iteration: 11
Using cache found in /home/zbw/.cache/torch/hub/pytorch_vision_v0.10.0
Iteration: 12
Using cache found in /home/zbw/.cache/torch/hub/pytorch_vision_v0.10.0
Iteration: 13
Using cache found in /home/zbw/.cache/torch/hub/pytorch_vision_v0.10.0
Iteration: 14
Using cache found in /home/zbw/.cache/torch/hub/pytorch_vision_v0.10.0
Iteration: 15
Using cache found in /home/zbw/.cache/torch/hub/pytorch_vision_v0.10.0
Iteration: 16
Using cache found in /home/zbw/.cache/torch/hub/pytorch_vision_v0.10.0
Iteration: 17
Using cache found in /home/zbw/.cache/torch/hub/pytorch_vision_v0.10.0
Iteration: 18
Using cache found in /home/zbw/.cache/torch/hub/pytorch_vision_v0.10.0
Iteration: 19
Using cache found in /home/zbw/.cache/torch/hub/pytorch_vision_v0.10.0
Iteration: 20
Using cache found in /home/zbw/.cache/torch/hub/pytorch_vision_v0.10.0
Iteration: 21
Using cache found in /home/zbw/.cache/torch/hub/pytorch_vision_v0.10.0
Iteration: 22
Using cache found in /home/zbw/.cache/torch/hub/pytorch_vision_v0.10.0
Iteration: 23
Using cache found in /home/zbw/.cache/torch/hub/pytorch_vision_v0.10.0
Iteration: 24
Using cache found in /home/zbw/.cache/torch/hub/pytorch_vision_v0.10.0
Iteration: 25
Using cache found in /home/zbw/.cache/torch/hub/pytorch_vision_v0.10.0
Iteration: 26
Using cache found in /home/zbw/.cache/torch/hub/pytorch_vision_v0.10.0
Iteration: 27
Using cache found in /home/zbw/.cache/torch/hub/pytorch_vision_v0.10.0
Iteration: 28
Using cache found in /home/zbw/.cache/torch/hub/pytorch_vision_v0.10.0
Iteration: 29
Using cache found in /home/zbw/.cache/torch/hub/pytorch_vision_v0.10.0
Iteration: 30
Using cache found in /home/zbw/.cache/torch/hub/pytorch_vision_v0.10.0
Iteration: 31
Using cache found in /home/zbw/.cache/torch/hub/pytorch_vision_v0.10.0
Iteration: 32
Using cache found in /home/zbw/.cache/torch/hub/pytorch_vision_v0.10.0
Iteration: 33
Using cache found in /home/zbw/.cache/torch/hub/pytorch_vision_v0.10.0
Iteration: 34
Using cache found in /home/zbw/.cache/torch/hub/pytorch_vision_v0.10.0
Iteration: 35
Using cache found in /home/zbw/.cache/torch/hub/pytorch_vision_v0.10.0
Iteration: 36
Using cache found in /home/zbw/.cache/torch/hub/pytorch_vision_v0.10.0
Iteration: 37
Using cache found in /home/zbw/.cache/torch/hub/pytorch_vision_v0.10.0
Iteration: 38
Using cache found in /home/zbw/.cache/torch/hub/pytorch_vision_v0.10.0
Iteration: 39
Using cache found in /home/zbw/.cache/torch/hub/pytorch_vision_v0.10.0
Iteration: 40
Using cache found in /home/zbw/.cache/torch/hub/pytorch_vision_v0.10.0
Iteration: 41
Using cache found in /home/zbw/.cache/torch/hub/pytorch_vision_v0.10.0
Iteration: 42
Using cache found in /home/zbw/.cache/torch/hub/pytorch_vision_v0.10.0
Iteration: 43
Using cache found in /home/zbw/.cache/torch/hub/pytorch_vision_v0.10.0
Iteration: 44
Using cache found in /home/zbw/.cache/torch/hub/pytorch_vision_v0.10.0
Iteration: 45
Using cache found in /home/zbw/.cache/torch/hub/pytorch_vision_v0.10.0
Iteration: 46
Using cache found in /home/zbw/.cache/torch/hub/pytorch_vision_v0.10.0
Iteration: 47
Using cache found in /home/zbw/.cache/torch/hub/pytorch_vision_v0.10.0
Iteration: 48
Using cache found in /home/zbw/.cache/torch/hub/pytorch_vision_v0.10.0
Iteration: 49
Using cache found in /home/zbw/.cache/torch/hub/pytorch_vision_v0.10.0
Iteration: 50
Using cache found in /home/zbw/.cache/torch/hub/pytorch_vision_v0.10.0
Iteration: 51
Using cache found in /home/zbw/.cache/torch/hub/pytorch_vision_v0.10.0
Iteration: 52
Using cache found in /home/zbw/.cache/torch/hub/pytorch_vision_v0.10.0
Iteration: 53
Using cache found in /home/zbw/.cache/torch/hub/pytorch_vision_v0.10.0
Iteration: 54
Using cache found in /home/zbw/.cache/torch/hub/pytorch_vision_v0.10.0
Iteration: 55
Using cache found in /home/zbw/.cache/torch/hub/pytorch_vision_v0.10.0
Iteration: 56
Using cache found in /home/zbw/.cache/torch/hub/pytorch_vision_v0.10.0
Iteration: 57
Using cache found in /home/zbw/.cache/torch/hub/pytorch_vision_v0.10.0
